<?xml version="1.0" encoding="UTF-8"?>
<!-- Generated by org.testng.reporters.JUnitXMLReporter -->
<testsuite hostname="sdatta" ignored="2" name="Car Loan" tests="6" failures="0" timestamp="16 Jun 2019 13:04:41 GMT" time="0.047" errors="0">
  <testcase name="apilogincar_for_three" time="0.001" classname="test.day3"/>
  <testcase name="gettingdata" time="0.002" classname="test.day3"/>
  <testcase name="gettingdata" time="0.002" classname="test.day3"/>
  <testcase name="gettingdata" time="0.001" classname="test.day3"/>
  <testcase name="paraloginhome12" time="0.002" classname="test.day3"/>
  <testcase name="weblogincar" time="0.003" classname="test.day3"/>
  <testcase name="mobilelogincar_for_one" time="0.0" classname="test.day3">
    <ignored/>
  </testcase> <!-- mobilelogincar_for_one -->
  <testcase name="mobilelogincar_for_two" time="0.0" classname="test.day3">
    <ignored/>
  </testcase> <!-- mobilelogincar_for_two -->
</testsuite> <!-- Car Loan -->
