<?xml version="1.0" encoding="UTF-8"?>
<!-- Generated by org.testng.reporters.JUnitXMLReporter -->
<testsuite hostname="sdatta" ignored="4" tests="0" failures="0" timestamp="16 Jun 2019 13:06:37 GMT" time="0.01" errors="0">
  <testcase name="show3" time="0.0" classname="test.first">
    <ignored/>
  </testcase> <!-- show3 -->
  <testcase name="show1" time="0.0" classname="test.first">
    <ignored/>
  </testcase> <!-- show1 -->
  <testcase name="show30" time="0.0" classname="test.first">
    <ignored/>
  </testcase> <!-- show30 -->
  <testcase name="show40" time="0.0" classname="test.first">
    <ignored/>
  </testcase> <!-- show40 -->
</testsuite>
